0 info it worked if it ends with ok
1 verbose cli [ '/usr/bin/node',
1 verbose cli   '/usr/bin/npm',
1 verbose cli   'install',
1 verbose cli   '-g',
1 verbose cli   'node-inspector',
1 verbose cli   '--registry=http://registry.npm.taobao.org' ]
2 info using npm@2.11.3
3 info using node@v0.12.7
4 verbose node symlink /usr/bin/node
5 verbose install initial load of /usr/lib/package.json
6 verbose readDependencies loading dependencies from /usr/lib/package.json
7 silly cache add args [ 'node-inspector', null ]
8 verbose cache add spec node-inspector
9 silly cache add parsed spec { raw: 'node-inspector',
9 silly cache add   scope: null,
9 silly cache add   name: 'node-inspector',
9 silly cache add   rawSpec: '',
9 silly cache add   spec: '*',
9 silly cache add   type: 'range' }
10 silly addNamed node-inspector@*
11 verbose addNamed "*" is a valid semver range for node-inspector
12 silly addNameRange { name: 'node-inspector', range: '*', hasData: false }
13 silly mapToRegistry name node-inspector
14 silly mapToRegistry using default registry
15 silly mapToRegistry registry http://registry.npm.taobao.org/
16 silly mapToRegistry uri http://registry.npm.taobao.org/node-inspector
17 verbose addNameRange registry:http://registry.npm.taobao.org/node-inspector not in flight; fetching
18 verbose request uri http://registry.npm.taobao.org/node-inspector
19 verbose request no auth needed
20 info attempt registry request try #1 at 09:18:12
21 verbose request id 58aea38096ee8e9c
22 http request GET http://registry.npm.taobao.org/node-inspector
23 http 200 http://registry.npm.taobao.org/node-inspector
24 silly get cb [ 200,
24 silly get   { date: 'Tue, 27 Oct 2015 01:18:12 GMT',
24 silly get     'content-type': 'application/json; charset=utf-8',
24 silly get     'content-length': '143801',
24 silly get     connection: 'keep-alive',
24 silly get     etag: '"231b9-WK2ykdwMXHWwMJcl/QzKTg"',
24 silly get     'x-readtime': '176' } ]
25 verbose get saving node-inspector to /home/coding/.npm/registry.npm.taobao.org/node-inspector/.cache.json
26 silly addNameRange number 2 { name: 'node-inspector', range: '*', hasData: true }
27 silly addNameRange versions [ 'node-inspector',
27 silly addNameRange   [ '0.12.3',
27 silly addNameRange     '0.12.2',
27 silly addNameRange     '0.12.1',
27 silly addNameRange     '0.12.0',
27 silly addNameRange     '0.11.2',
27 silly addNameRange     '0.11.1',
27 silly addNameRange     '0.11.0',
27 silly addNameRange     '0.10.2',
27 silly addNameRange     '0.10.1',
27 silly addNameRange     '0.10.0',
27 silly addNameRange     '0.9.2',
27 silly addNameRange     '0.9.1',
27 silly addNameRange     '0.9.0',
27 silly addNameRange     '0.8.3',
27 silly addNameRange     '0.8.1',
27 silly addNameRange     '0.8.0',
27 silly addNameRange     '0.7.4',
27 silly addNameRange     '0.7.3',
27 silly addNameRange     '0.2.0-beta1',
27 silly addNameRange     '0.2.0-beta2',
27 silly addNameRange     '0.2.0-beta3',
27 silly addNameRange     '0.2.0-beta4',
27 silly addNameRange     '0.7.0-2',
27 silly addNameRange     '0.3.1',
27 silly addNameRange     '0.1.9',
27 silly addNameRange     '0.1.1',
27 silly addNameRange     '0.0.3',
27 silly addNameRange     '0.7.2',
27 silly addNameRange     '0.7.1',
27 silly addNameRange     '0.7.0',
27 silly addNameRange     '0.3.0-preview1',
27 silly addNameRange     '0.7.0-1',
27 silly addNameRange     '0.6.2',
27 silly addNameRange     '0.6.1',
27 silly addNameRange     '0.6.0',
27 silly addNameRange     '0.5.0',
27 silly addNameRange     '0.4.0',
27 silly addNameRange     '0.3.4',
27 silly addNameRange     '0.3.3',
27 silly addNameRange     '0.3.2',
27 silly addNameRange     '0.3.0',
27 silly addNameRange     '0.1.10',
27 silly addNameRange     '0.1.8',
27 silly addNameRange     '0.1.0',
27 silly addNameRange     '0.0.1',
27 silly addNameRange     '0.0.2',
27 silly addNameRange     '0.1.7',
27 silly addNameRange     '0.1.5',
27 silly addNameRange     '0.1.4',
27 silly addNameRange     '0.1.3',
27 silly addNameRange     '0.1.2',
27 silly addNameRange     '0.1.6',
27 silly addNameRange     '0.0.4' ] ]
28 silly addNamed node-inspector@0.12.3
29 verbose addNamed "0.12.3" is a plain semver version for node-inspector
30 silly mapToRegistry name node-inspector
31 silly mapToRegistry using default registry
32 silly mapToRegistry registry http://registry.npm.taobao.org/
33 silly mapToRegistry uri http://registry.npm.taobao.org/node-inspector
34 verbose addRemoteTarball http://registry.npm.taobao.org/node-inspector/download/node-inspector-0.12.3.tgz not in flight; adding
35 verbose addRemoteTarball [ 'http://registry.npm.taobao.org/node-inspector/download/node-inspector-0.12.3.tgz',
35 verbose addRemoteTarball   '238d0c9f4e6ca720e21b9a547aacbfde665beace' ]
36 info retry fetch attempt 1 at 09:18:12
37 info attempt registry request try #1 at 09:18:12
38 http fetch GET http://registry.npm.taobao.org/node-inspector/download/node-inspector-0.12.3.tgz
39 http fetch 200 http://registry.npm.taobao.org/node-inspector/download/node-inspector-0.12.3.tgz
40 silly fetchAndShaCheck shasum 238d0c9f4e6ca720e21b9a547aacbfde665beace
41 verbose addTmpTarball /tmp/npm-2133-cbaf341b/registry.npm.taobao.org/node-inspector/download/node-inspector-0.12.3.tgz not in flight; adding
42 verbose addTmpTarball already have metadata; skipping unpack for node-inspector@0.12.3
43 silly cache afterAdd node-inspector@0.12.3
44 verbose afterAdd /home/coding/.npm/node-inspector/0.12.3/package/package.json not in flight; writing
45 verbose afterAdd /home/coding/.npm/node-inspector/0.12.3/package/package.json written
46 silly install resolved [ { name: 'node-inspector',
46 silly install resolved     version: '0.12.3',
46 silly install resolved     description: 'Web Inspector based nodeJS debugger',
46 silly install resolved     homepage: 'http://github.com/node-inspector/node-inspector',
46 silly install resolved     author: { name: 'Danny Coates', email: 'dannycoates@gmail.com' },
46 silly install resolved     keywords: [ 'debug', 'debugger', 'inspector', 'profiler' ],
46 silly install resolved     repository:
46 silly install resolved      { type: 'git',
46 silly install resolved        url: 'http://github.com/node-inspector/node-inspector.git' },
46 silly install resolved     engines: { node: '>=0.8.0' },
46 silly install resolved     bin:
46 silly install resolved      { 'node-inspector': './bin/inspector.js',
46 silly install resolved        'node-debug': './bin/node-debug.js' },
46 silly install resolved     dependencies:
46 silly install resolved      { async: '~0.9',
46 silly install resolved        'biased-opener': '~0.2.2',
46 silly install resolved        debug: '^2.2.0',
46 silly install resolved        express: '^4.12.3',
46 silly install resolved        glob: '^5.0.5',
46 silly install resolved        'path-is-absolute': '^1.0.0',
46 silly install resolved        rc: '^1.0.1',
46 silly install resolved        semver: '^4.3.4',
46 silly install resolved        'serve-favicon': '^2.1.1',
46 silly install resolved        'strong-data-uri': '^1.0.0',
46 silly install resolved        'v8-debug': '~0.5.0',
46 silly install resolved        'v8-profiler': '~5.3.0',
46 silly install resolved        which: '^1.1.1',
46 silly install resolved        ws: '^0.8.0',
46 silly install resolved        yargs: '^3.9.0' },
46 silly install resolved     devDependencies:
46 silly install resolved      { promise: '^7.0.3',
46 silly install resolved        mocha: '^1.21',
46 silly install resolved        chai: '^2.1',
46 silly install resolved        jshint: '^2.4.4',
46 silly install resolved        'fs-extra': '~0.8.1' },
46 silly install resolved     preferGlobal: true,
46 silly install resolved     scripts:
46 silly install resolved      { pretest: 'jshint .',
46 silly install resolved        test: 'mocha',
46 silly install resolved        'generate-front-end': 'node --harmony tools/generate-front-end' },
46 silly install resolved     contributors:
46 silly install resolved      [ [Object],
46 silly install resolved        [Object],
46 silly install resolved        [Object],
46 silly install resolved        [Object],
46 silly install resolved        [Object],
46 silly install resolved        [Object],
46 silly install resolved        [Object],
46 silly install resolved        [Object],
46 silly install resolved        [Object],
46 silly install resolved        [Object],
46 silly install resolved        [Object],
46 silly install resolved        [Object],
46 silly install resolved        [Object],
46 silly install resolved        [Object],
46 silly install resolved        [Object],
46 silly install resolved        [Object],
46 silly install resolved        [Object],
46 silly install resolved        [Object],
46 silly install resolved        [Object],
46 silly install resolved        [Object],
46 silly install resolved        [Object],
46 silly install resolved        [Object],
46 silly install resolved        [Object],
46 silly install resolved        [Object],
46 silly install resolved        [Object],
46 silly install resolved        [Object],
46 silly install resolved        [Object],
46 silly install resolved        [Object],
46 silly install resolved        [Object],
46 silly install resolved        [Object],
46 silly install resolved        [Object] ],
46 silly install resolved     gitHead: '047a1fd57fa1a165c184d77b2b3c64126ff8cb94',
46 silly install resolved     bugs: { url: 'https://github.com/node-inspector/node-inspector/issues' },
46 silly install resolved     _id: 'node-inspector@0.12.3',
46 silly install resolved     _shasum: '238d0c9f4e6ca720e21b9a547aacbfde665beace',
46 silly install resolved     _from: 'node-inspector@*',
46 silly install resolved     _npmVersion: '1.4.28',
46 silly install resolved     _npmUser: { name: '3y3', email: '3y3@bk.ru' },
46 silly install resolved     maintainers: [ [Object], [Object], [Object], [Object], [Object] ],
46 silly install resolved     dist:
46 silly install resolved      { shasum: '238d0c9f4e6ca720e21b9a547aacbfde665beace',
46 silly install resolved        size: 2223705,
46 silly install resolved        noattachment: false,
46 silly install resolved        tarball: 'http://registry.npm.taobao.org/node-inspector/download/node-inspector-0.12.3.tgz' },
46 silly install resolved     directories: {},
46 silly install resolved     publish_time: 1441482290645,
46 silly install resolved     _cnpm_publish_time: 1441482290645,
46 silly install resolved     _resolved: 'http://registry.npm.taobao.org/node-inspector/download/node-inspector-0.12.3.tgz' } ]
47 info install node-inspector@0.12.3 into /usr/lib
48 info installOne node-inspector@0.12.3
49 verbose installOne of node-inspector to /usr/lib not in flight; installing
50 verbose lock using /home/coding/.npm/_locks/node-inspector-555110d7f8efcc5b.lock for /usr/lib/node_modules/node-inspector
51 silly install write writing node-inspector 0.12.3 to /usr/lib/node_modules/node-inspector
52 verbose unbuild lib/node_modules/node-inspector
53 silly gentlyRm /usr/lib/node_modules/node-inspector is being purged from base /usr
54 verbose gentlyRm don't care about contents; nuking /usr/lib/node_modules/node-inspector
55 verbose tar unpack /home/coding/.npm/node-inspector/0.12.3/package.tgz
56 verbose tar unpacking to /usr/lib/node_modules/node-inspector
57 silly gentlyRm /usr/lib/node_modules/node-inspector is being purged
58 verbose gentlyRm don't care about contents; nuking /usr/lib/node_modules/node-inspector
59 silly gunzTarPerm modes [ '755', '644' ]
60 error tar.unpack untar error /home/coding/.npm/node-inspector/0.12.3/package.tgz
61 verbose unlock done using /home/coding/.npm/_locks/node-inspector-555110d7f8efcc5b.lock for /usr/lib/node_modules/node-inspector
62 verbose fstream_path /usr/lib/node_modules/node-inspector
63 verbose fstream_type Directory
64 verbose fstream_class DirWriter
65 verbose stack Error: EACCES, mkdir '/usr/lib/node_modules/node-inspector'
65 verbose stack     at Error (native)
66 verbose fstream_stack /usr/lib/node_modules/npm/node_modules/fstream/lib/dir-writer.js:35:25
66 verbose fstream_stack /usr/lib/node_modules/npm/node_modules/mkdirp/index.js:47:53
66 verbose fstream_stack FSReqWrap.oncomplete (fs.js:95:15)
67 verbose cwd /home/coding/workspace
68 error Linux 3.13.0-65-generic
69 error argv "/usr/bin/node" "/usr/bin/npm" "install" "-g" "node-inspector" "--registry=http://registry.npm.taobao.org"
70 error node v0.12.7
71 error npm  v2.11.3
72 error path /usr/lib/node_modules/node-inspector
73 error code EACCES
74 error errno -13
75 error Error: EACCES, mkdir '/usr/lib/node_modules/node-inspector'
75 error     at Error (native)
75 error  { [Error: EACCES, mkdir '/usr/lib/node_modules/node-inspector']
75 error   errno: -13,
75 error   code: 'EACCES',
75 error   path: '/usr/lib/node_modules/node-inspector',
75 error   fstream_type: 'Directory',
75 error   fstream_path: '/usr/lib/node_modules/node-inspector',
75 error   fstream_class: 'DirWriter',
75 error   fstream_stack:
75 error    [ '/usr/lib/node_modules/npm/node_modules/fstream/lib/dir-writer.js:35:25',
75 error      '/usr/lib/node_modules/npm/node_modules/mkdirp/index.js:47:53',
75 error      'FSReqWrap.oncomplete (fs.js:95:15)' ] }
76 error Please try running this command again as root/Administrator.
77 verbose exit [ -13, true ]
78 verbose unbuild lib/node_modules/node-inspector
79 silly gentlyRm /usr/lib/node_modules/node-inspector is being purged from base /usr
80 verbose gentlyRm don't care about contents; nuking /usr/lib/node_modules/node-inspector
